<?xml version="1.0" encoding="UTF-8"?><testsuites time="0.139"><testsuite name="home page" tests="3" failures="1" errors="0" time="0.139" timestamp="2014-05-08T20:47:27.167Z" package="test/acceptance/home_page_test"><testcase name="HTTP status code is: 200" classname="test/acceptance/home_page_test" time="0.098"></testcase><testcase name="title is Hello World Express" classname="test/acceptance/home_page_test" time="0.019"></testcase><testcase name="Find &quot;Hello World&quot; within the selector &quot;h1&quot;" classname="test/acceptance/home_page_test" time="0.022"><failure type="assertSelectorHasText">no message left</failure></testcase><system-out></system-out></testsuite></testsuites>